android/app/build/intermediates/manifest_merge_blame_file/debug/processDebugMainManifest/manifest-merger-blame-debug-report.txt
1<?xml version="1.0" encoding="utf-8"?>
2<manifest xmlns:android="http://schemas.android.com/apk/res/android"
3    package="com.example.app"
4    android:versionCode="1"
5    android:versionName="1.0" >
6
7    <uses-sdk
8        android:minSdkVersion="23"
9        android:targetSdkVersion="35" />
10
11    <!-- Permissions -->
12    <uses-permission android:name="android.permission.INTERNET" />
12-->src\main\AndroidManifest.xml:39:5-67
12-->src\main\AndroidManifest.xml:39:22-64
13    <uses-permission android:name="android.permission.ACCESS_FINE_LOCATION" />
13-->src\main\AndroidManifest.xml:40:5-79
13-->src\main\AndroidManifest.xml:40:22-76
14    <uses-permission android:name="android.permission.ACCESS_COARSE_LOCATION" />
14-->src\main\AndroidManifest.xml:41:5-81
14-->src\main\AndroidManifest.xml:41:22-78
15    <uses-permission android:name="android.permission.ACCESS_BACKGROUND_LOCATION" />
15-->src\main\AndroidManifest.xml:42:5-85
15-->src\main\AndroidManifest.xml:42:22-82
16
17    <queries>
17-->[:capacitor-camera] AndroidManifest.xml:7:5-11:15
18        <intent>
18-->[:capacitor-camera] AndroidManifest.xml:8:9-10:18
19            <action android:name="android.media.action.IMAGE_CAPTURE" />
19-->[:capacitor-camera] AndroidManifest.xml:9:13-73
19-->[:capacitor-camera] AndroidManifest.xml:9:21-70
20        </intent>
21    </queries>
22
23    <uses-permission android:name="android.permission.RECEIVE_BOOT_COMPLETED" />
23-->[:capacitor-local-notifications] AndroidManifest.xml:7:5-81
23-->[:capacitor-local-notifications] AndroidManifest.xml:7:22-78
24    <uses-permission android:name="android.permission.WAKE_LOCK" />
24-->[:capacitor-local-notifications] AndroidManifest.xml:8:5-68
24-->[:capacitor-local-notifications] AndroidManifest.xml:8:22-65
25    <uses-permission android:name="android.permission.POST_NOTIFICATIONS" />
25-->[:capacitor-local-notifications] AndroidManifest.xml:9:5-77
25-->[:capacitor-local-notifications] AndroidManifest.xml:9:22-74
26
27    <permission
27-->[androidx.core:core:1.15.0] AndroidManifest.xml:22:5-24:47
28        android:name="com.example.app.DYNAMIC_RECEIVER_NOT_EXPORTED_PERMISSION"
28-->[androidx.core:core:1.15.0] AndroidManifest.xml:23:9-81
29        android:protectionLevel="signature" />
29-->[androidx.core:core:1.15.0] AndroidManifest.xml:24:9-44
30
31    <uses-permission android:name="com.example.app.DYNAMIC_RECEIVER_NOT_EXPORTED_PERMISSION" />
31-->[androidx.core:core:1.15.0] AndroidManifest.xml:26:5-97
31-->[androidx.core:core:1.15.0] AndroidManifest.xml:26:22-94
32
33    <application
33-->src\main\AndroidManifest.xml:4:5-36:19
34        android:allowBackup="true"
34-->src\main\AndroidManifest.xml:5:9-35
35        android:appComponentFactory="androidx.core.app.CoreComponentFactory"
35-->[androidx.core:core:1.15.0] AndroidManifest.xml:28:18-86
36        android:debuggable="true"
37        android:extractNativeLibs="false"
38        android:icon="@mipmap/ic_launcher"
38-->src\main\AndroidManifest.xml:6:9-43
39        android:label="@string/app_name"
39-->src\main\AndroidManifest.xml:7:9-41
40        android:roundIcon="@mipmap/ic_launcher_round"
40-->src\main\AndroidManifest.xml:8:9-54
41        android:supportsRtl="true"
41-->src\main\AndroidManifest.xml:9:9-35
42        android:testOnly="true"
43        android:theme="@style/AppTheme" >
43-->src\main\AndroidManifest.xml:10:9-40
44        <activity
44-->src\main\AndroidManifest.xml:12:9-25:20
45            android:name="com.example.app.MainActivity"
45-->src\main\AndroidManifest.xml:14:13-41
46            android:configChanges="orientation|keyboardHidden|keyboard|screenSize|locale|smallestScreenSize|screenLayout|uiMode|navigation"
46-->src\main\AndroidManifest.xml:13:13-140
47            android:exported="true"
47-->src\main\AndroidManifest.xml:18:13-36
48            android:label="@string/title_activity_main"
48-->src\main\AndroidManifest.xml:15:13-56
49            android:launchMode="singleTask"
49-->src\main\AndroidManifest.xml:17:13-44
50            android:theme="@style/AppTheme.NoActionBarLaunch" >
50-->src\main\AndroidManifest.xml:16:13-62
51            <intent-filter>
51-->src\main\AndroidManifest.xml:20:13-23:29
52                <action android:name="android.intent.action.MAIN" />
52-->src\main\AndroidManifest.xml:21:17-69
52-->src\main\AndroidManifest.xml:21:25-66
53
54                <category android:name="android.intent.category.LAUNCHER" />
54-->src\main\AndroidManifest.xml:22:17-77
54-->src\main\AndroidManifest.xml:22:27-74
55            </intent-filter>
56        </activity>
57
58        <provider
59            android:name="androidx.core.content.FileProvider"
59-->src\main\AndroidManifest.xml:28:13-62
60            android:authorities="com.example.app.fileprovider"
60-->src\main\AndroidManifest.xml:29:13-64
61            android:exported="false"
61-->src\main\AndroidManifest.xml:30:13-37
62            android:grantUriPermissions="true" >
62-->src\main\AndroidManifest.xml:31:13-47
63            <meta-data
63-->src\main\AndroidManifest.xml:32:13-34:64
64                android:name="android.support.FILE_PROVIDER_PATHS"
64-->src\main\AndroidManifest.xml:33:17-67
65                android:resource="@xml/file_paths" />
65-->src\main\AndroidManifest.xml:34:17-51
66        </provider>
67
68        <receiver android:name="com.capacitorjs.plugins.localnotifications.TimedNotificationPublisher" />
68-->[:capacitor-local-notifications] AndroidManifest.xml:12:9-106
68-->[:capacitor-local-notifications] AndroidManifest.xml:12:19-103
69        <receiver android:name="com.capacitorjs.plugins.localnotifications.NotificationDismissReceiver" />
69-->[:capacitor-local-notifications] AndroidManifest.xml:13:9-107
69-->[:capacitor-local-notifications] AndroidManifest.xml:13:19-104
70        <receiver
70-->[:capacitor-local-notifications] AndroidManifest.xml:14:9-23:20
71            android:name="com.capacitorjs.plugins.localnotifications.LocalNotificationRestoreReceiver"
71-->[:capacitor-local-notifications] AndroidManifest.xml:15:13-103
72            android:directBootAware="true"
72-->[:capacitor-local-notifications] AndroidManifest.xml:16:13-43
73            android:exported="false" >
73-->[:capacitor-local-notifications] AndroidManifest.xml:17:13-37
74            <intent-filter>
74-->[:capacitor-local-notifications] AndroidManifest.xml:18:13-22:29
75                <action android:name="android.intent.action.LOCKED_BOOT_COMPLETED" />
75-->[:capacitor-local-notifications] AndroidManifest.xml:19:17-86
75-->[:capacitor-local-notifications] AndroidManifest.xml:19:25-83
76                <action android:name="android.intent.action.BOOT_COMPLETED" />
76-->[:capacitor-local-notifications] AndroidManifest.xml:20:17-79
76-->[:capacitor-local-notifications] AndroidManifest.xml:20:25-76
77                <action android:name="android.intent.action.QUICKBOOT_POWERON" />
77-->[:capacitor-local-notifications] AndroidManifest.xml:21:17-82
77-->[:capacitor-local-notifications] AndroidManifest.xml:21:25-79
78            </intent-filter>
79        </receiver>
80
81        <activity
81-->[com.google.android.gms:play-services-base:18.5.0] AndroidManifest.xml:5:9-173
82            android:name="com.google.android.gms.common.api.GoogleApiActivity"
82-->[com.google.android.gms:play-services-base:18.5.0] AndroidManifest.xml:5:19-85
83            android:exported="false"
83-->[com.google.android.gms:play-services-base:18.5.0] AndroidManifest.xml:5:146-170
84            android:theme="@android:style/Theme.Translucent.NoTitleBar" />
84-->[com.google.android.gms:play-services-base:18.5.0] AndroidManifest.xml:5:86-145
85
86        <provider
86-->[androidx.emoji2:emoji2:1.3.0] AndroidManifest.xml:24:9-32:20
87            android:name="androidx.startup.InitializationProvider"
87-->[androidx.emoji2:emoji2:1.3.0] AndroidManifest.xml:25:13-67
88            android:authorities="com.example.app.androidx-startup"
88-->[androidx.emoji2:emoji2:1.3.0] AndroidManifest.xml:26:13-68
89            android:exported="false" >
89-->[androidx.emoji2:emoji2:1.3.0] AndroidManifest.xml:27:13-37
90            <meta-data
90-->[androidx.emoji2:emoji2:1.3.0] AndroidManifest.xml:29:13-31:52
91                android:name="androidx.emoji2.text.EmojiCompatInitializer"
91-->[androidx.emoji2:emoji2:1.3.0] AndroidManifest.xml:30:17-75
92                android:value="androidx.startup" />
92-->[androidx.emoji2:emoji2:1.3.0] AndroidManifest.xml:31:17-49
93            <meta-data
93-->[androidx.lifecycle:lifecycle-process:2.6.2] AndroidManifest.xml:29:13-31:52
94                android:name="androidx.lifecycle.ProcessLifecycleInitializer"
94-->[androidx.lifecycle:lifecycle-process:2.6.2] AndroidManifest.xml:30:17-78
95                android:value="androidx.startup" />
95-->[androidx.lifecycle:lifecycle-process:2.6.2] AndroidManifest.xml:31:17-49
96            <meta-data
96-->[androidx.profileinstaller:profileinstaller:1.3.1] AndroidManifest.xml:29:13-31:52
97                android:name="androidx.profileinstaller.ProfileInstallerInitializer"
97-->[androidx.profileinstaller:profileinstaller:1.3.1] AndroidManifest.xml:30:17-85
98                android:value="androidx.startup" />
98-->[androidx.profileinstaller:profileinstaller:1.3.1] AndroidManifest.xml:31:17-49
99        </provider>
100
101        <meta-data
101-->[com.google.android.gms:play-services-basement:18.4.0] AndroidManifest.xml:6:9-122
102            android:name="com.google.android.gms.version"
102-->[com.google.android.gms:play-services-basement:18.4.0] AndroidManifest.xml:6:20-65
103            android:value="@integer/google_play_services_version" />
103-->[com.google.android.gms:play-services-basement:18.4.0] AndroidManifest.xml:6:66-119
104
105        <receiver
105-->[androidx.profileinstaller:profileinstaller:1.3.1] AndroidManifest.xml:34:9-52:20
106            android:name="androidx.profileinstaller.ProfileInstallReceiver"
106-->[androidx.profileinstaller:profileinstaller:1.3.1] AndroidManifest.xml:35:13-76
107            android:directBootAware="false"
107-->[androidx.profileinstaller:profileinstaller:1.3.1] AndroidManifest.xml:36:13-44
108            android:enabled="true"
108-->[androidx.profileinstaller:profileinstaller:1.3.1] AndroidManifest.xml:37:13-35
109            android:exported="true"
109-->[androidx.profileinstaller:profileinstaller:1.3.1] AndroidManifest.xml:38:13-36
110            android:permission="android.permission.DUMP" >
110-->[androidx.profileinstaller:profileinstaller:1.3.1] AndroidManifest.xml:39:13-57
111            <intent-filter>
111-->[androidx.profileinstaller:profileinstaller:1.3.1] AndroidManifest.xml:40:13-42:29
112                <action android:name="androidx.profileinstaller.action.INSTALL_PROFILE" />
112-->[androidx.profileinstaller:profileinstaller:1.3.1] AndroidManifest.xml:41:17-91
112-->[androidx.profileinstaller:profileinstaller:1.3.1] AndroidManifest.xml:41:25-88
113            </intent-filter>
114            <intent-filter>
114-->[androidx.profileinstaller:profileinstaller:1.3.1] AndroidManifest.xml:43:13-45:29
115                <action android:name="androidx.profileinstaller.action.SKIP_FILE" />
115-->[androidx.profileinstaller:profileinstaller:1.3.1] AndroidManifest.xml:44:17-85
115-->[androidx.profileinstaller:profileinstaller:1.3.1] AndroidManifest.xml:44:25-82
116            </intent-filter>
117            <intent-filter>
117-->[androidx.profileinstaller:profileinstaller:1.3.1] AndroidManifest.xml:46:13-48:29
118                <action android:name="androidx.profileinstaller.action.SAVE_PROFILE" />
118-->[androidx.profileinstaller:profileinstaller:1.3.1] AndroidManifest.xml:47:17-88
118-->[androidx.profileinstaller:profileinstaller:1.3.1] AndroidManifest.xml:47:25-85
119            </intent-filter>
120            <intent-filter>
120-->[androidx.profileinstaller:profileinstaller:1.3.1] AndroidManifest.xml:49:13-51:29
121                <action android:name="androidx.profileinstaller.action.BENCHMARK_OPERATION" />
121-->[androidx.profileinstaller:profileinstaller:1.3.1] AndroidManifest.xml:50:17-95
121-->[androidx.profileinstaller:profileinstaller:1.3.1] AndroidManifest.xml:50:25-92
122            </intent-filter>
123        </receiver>
124    </application>
125
126</manifest>